Analysis & Synthesis report for ctrl
Thu Nov 16 19:34:28 2023
Quartus Prime Version 21.1.1 Build 850 06/23/2022 SJ Lite Edition


---------------------
; Table of Contents ;
---------------------
  1. Legal Notice
  2. Analysis & Synthesis Summary
  3. Analysis & Synthesis Settings
  4. Parallel Compilation
  5. Analysis & Synthesis Source Files Read
  6. Analysis & Synthesis Resource Usage Summary
  7. Analysis & Synthesis Resource Utilization by Entity
  8. State Machine - |ctrl|tilstand
  9. Registers Removed During Synthesis
 10. General Register Statistics
 11. Inverted Register Statistics
 12. Post-Synthesis Netlist Statistics for Top Partition
 13. Elapsed Time Per Partition
 14. Analysis & Synthesis Messages



----------------
; Legal Notice ;
----------------
Copyright (C) 2022  Intel Corporation. All rights reserved.
Your use of Intel Corporation's design tools, logic functions 
and other software and tools, and any partner logic 
functions, and any output files from any of the foregoing 
(including device programming or simulation files), and any 
associated documentation or information are expressly subject 
to the terms and conditions of the Intel Program License 
Subscription Agreement, the Intel Quartus Prime License Agreement,
the Intel FPGA IP License Agreement, or other applicable license
agreement, including, without limitation, that your use is for
the sole purpose of programming logic devices manufactured by
Intel and sold by Intel or its authorized distributors.  Please
refer to the applicable agreement for further details, at
https://fpgasoftware.intel.com/eula.



+----------------------------------------------------------------------------------+
; Analysis & Synthesis Summary                                                     ;
+------------------------------------+---------------------------------------------+
; Analysis & Synthesis Status        ; Successful - Thu Nov 16 19:34:28 2023       ;
; Quartus Prime Version              ; 21.1.1 Build 850 06/23/2022 SJ Lite Edition ;
; Revision Name                      ; ctrl                                        ;
; Top-level Entity Name              ; ctrl                                        ;
; Family                             ; MAX 10                                      ;
; Total logic elements               ; 119                                         ;
;     Total combinational functions  ; 108                                         ;
;     Dedicated logic registers      ; 44                                          ;
; Total registers                    ; 44                                          ;
; Total pins                         ; 24                                          ;
; Total virtual pins                 ; 0                                           ;
; Total memory bits                  ; 0                                           ;
; Embedded Multiplier 9-bit elements ; 0                                           ;
; Total PLLs                         ; 0                                           ;
; UFM blocks                         ; 0                                           ;
; ADC blocks                         ; 0                                           ;
+------------------------------------+---------------------------------------------+


+------------------------------------------------------------------------------------------------------------+
; Analysis & Synthesis Settings                                                                              ;
+------------------------------------------------------------------+--------------------+--------------------+
; Option                                                           ; Setting            ; Default Value      ;
+------------------------------------------------------------------+--------------------+--------------------+
; Device                                                           ; 10M08DAF484C8G     ;                    ;
; Top-level entity name                                            ; ctrl               ; ctrl               ;
; Family name                                                      ; MAX 10             ; Cyclone V          ;
; Use smart compilation                                            ; Off                ; Off                ;
; Enable parallel Assembler and Timing Analyzer during compilation ; On                 ; On                 ;
; Enable compact report table                                      ; Off                ; Off                ;
; Restructure Multiplexers                                         ; Auto               ; Auto               ;
; Create Debugging Nodes for IP Cores                              ; Off                ; Off                ;
; Preserve fewer node names                                        ; On                 ; On                 ;
; Intel FPGA IP Evaluation Mode                                    ; Enable             ; Enable             ;
; Verilog Version                                                  ; Verilog_2001       ; Verilog_2001       ;
; VHDL Version                                                     ; VHDL_1993          ; VHDL_1993          ;
; State Machine Processing                                         ; Auto               ; Auto               ;
; Safe State Machine                                               ; Off                ; Off                ;
; Extract Verilog State Machines                                   ; On                 ; On                 ;
; Extract VHDL State Machines                                      ; On                 ; On                 ;
; Ignore Verilog initial constructs                                ; Off                ; Off                ;
; Iteration limit for constant Verilog loops                       ; 5000               ; 5000               ;
; Iteration limit for non-constant Verilog loops                   ; 250                ; 250                ;
; Add Pass-Through Logic to Inferred RAMs                          ; On                 ; On                 ;
; Infer RAMs from Raw Logic                                        ; On                 ; On                 ;
; Parallel Synthesis                                               ; On                 ; On                 ;
; DSP Block Balancing                                              ; Auto               ; Auto               ;
; NOT Gate Push-Back                                               ; On                 ; On                 ;
; Power-Up Don't Care                                              ; On                 ; On                 ;
; Remove Redundant Logic Cells                                     ; Off                ; Off                ;
; Remove Duplicate Registers                                       ; On                 ; On                 ;
; Ignore CARRY Buffers                                             ; Off                ; Off                ;
; Ignore CASCADE Buffers                                           ; Off                ; Off                ;
; Ignore GLOBAL Buffers                                            ; Off                ; Off                ;
; Ignore ROW GLOBAL Buffers                                        ; Off                ; Off                ;
; Ignore LCELL Buffers                                             ; Off                ; Off                ;
; Ignore SOFT Buffers                                              ; On                 ; On                 ;
; Limit AHDL Integers to 32 Bits                                   ; Off                ; Off                ;
; Optimization Technique                                           ; Balanced           ; Balanced           ;
; Carry Chain Length                                               ; 70                 ; 70                 ;
; Auto Carry Chains                                                ; On                 ; On                 ;
; Auto Open-Drain Pins                                             ; On                 ; On                 ;
; Perform WYSIWYG Primitive Resynthesis                            ; Off                ; Off                ;
; Auto ROM Replacement                                             ; On                 ; On                 ;
; Auto RAM Replacement                                             ; On                 ; On                 ;
; Auto DSP Block Replacement                                       ; On                 ; On                 ;
; Auto Shift Register Replacement                                  ; Auto               ; Auto               ;
; Allow Shift Register Merging across Hierarchies                  ; Auto               ; Auto               ;
; Auto Clock Enable Replacement                                    ; On                 ; On                 ;
; Strict RAM Replacement                                           ; Off                ; Off                ;
; Allow Synchronous Control Signals                                ; On                 ; On                 ;
; Force Use of Synchronous Clear Signals                           ; Off                ; Off                ;
; Auto RAM Block Balancing                                         ; On                 ; On                 ;
; Auto RAM to Logic Cell Conversion                                ; Off                ; Off                ;
; Auto Resource Sharing                                            ; Off                ; Off                ;
; Allow Any RAM Size For Recognition                               ; Off                ; Off                ;
; Allow Any ROM Size For Recognition                               ; Off                ; Off                ;
; Allow Any Shift Register Size For Recognition                    ; Off                ; Off                ;
; Use LogicLock Constraints during Resource Balancing              ; On                 ; On                 ;
; Ignore translate_off and synthesis_off directives                ; Off                ; Off                ;
; Timing-Driven Synthesis                                          ; On                 ; On                 ;
; Report Parameter Settings                                        ; On                 ; On                 ;
; Report Source Assignments                                        ; On                 ; On                 ;
; Report Connectivity Checks                                       ; On                 ; On                 ;
; Ignore Maximum Fan-Out Assignments                               ; Off                ; Off                ;
; Synchronization Register Chain Length                            ; 2                  ; 2                  ;
; Power Optimization During Synthesis                              ; Normal compilation ; Normal compilation ;
; HDL message level                                                ; Level2             ; Level2             ;
; Suppress Register Optimization Related Messages                  ; Off                ; Off                ;
; Number of Removed Registers Reported in Synthesis Report         ; 5000               ; 5000               ;
; Number of Swept Nodes Reported in Synthesis Report               ; 5000               ; 5000               ;
; Number of Inverted Registers Reported in Synthesis Report        ; 100                ; 100                ;
; Clock MUX Protection                                             ; On                 ; On                 ;
; Auto Gated Clock Conversion                                      ; Off                ; Off                ;
; Block Design Naming                                              ; Auto               ; Auto               ;
; SDC constraint protection                                        ; Off                ; Off                ;
; Synthesis Effort                                                 ; Auto               ; Auto               ;
; Shift Register Replacement - Allow Asynchronous Clear Signal     ; On                 ; On                 ;
; Pre-Mapping Resynthesis Optimization                             ; Off                ; Off                ;
; Analysis & Synthesis Message Level                               ; Medium             ; Medium             ;
; Disable Register Merging Across Hierarchies                      ; Auto               ; Auto               ;
; Resource Aware Inference For Block RAM                           ; On                 ; On                 ;
+------------------------------------------------------------------+--------------------+--------------------+


+------------------------------------------+
; Parallel Compilation                     ;
+----------------------------+-------------+
; Processors                 ; Number      ;
+----------------------------+-------------+
; Number detected on machine ; 4           ;
; Maximum allowed            ; 2           ;
;                            ;             ;
; Average used               ; 1.00        ;
; Maximum used               ; 2           ;
;                            ;             ;
; Usage by Processor         ; % Time Used ;
;     Processor 1            ; 100.0%      ;
;     Processor 2            ;   0.0%      ;
+----------------------------+-------------+


+-------------------------------------------------------------------------------------------------------------------------------------------------------+
; Analysis & Synthesis Source Files Read                                                                                                                ;
+----------------------------------+-----------------+-----------------+----------------------------------------------------------------------+---------+
; File Name with User-Entered Path ; Used in Netlist ; File Type       ; File Name with Absolute Path                                         ; Library ;
+----------------------------------+-----------------+-----------------+----------------------------------------------------------------------+---------+
; ctrl.vhd                         ; yes             ; User VHDL File  ; C:/Users/armin/OneDrive/Dokumenter/GitHub/CTRL-MODULE-/CTRL/ctrl.vhd ;         ;
+----------------------------------+-----------------+-----------------+----------------------------------------------------------------------+---------+


+-----------------------------------------------------------+
; Analysis & Synthesis Resource Usage Summary               ;
+---------------------------------------------+-------------+
; Resource                                    ; Usage       ;
+---------------------------------------------+-------------+
; Estimated Total logic elements              ; 119         ;
;                                             ;             ;
; Total combinational functions               ; 108         ;
; Logic element usage by number of LUT inputs ;             ;
;     -- 4 input functions                    ; 52          ;
;     -- 3 input functions                    ; 5           ;
;     -- <=2 input functions                  ; 51          ;
;                                             ;             ;
; Logic elements by mode                      ;             ;
;     -- normal mode                          ; 88          ;
;     -- arithmetic mode                      ; 20          ;
;                                             ;             ;
; Total registers                             ; 44          ;
;     -- Dedicated logic registers            ; 44          ;
;     -- I/O registers                        ; 0           ;
;                                             ;             ;
; I/O pins                                    ; 24          ;
;                                             ;             ;
; Embedded Multiplier 9-bit elements          ; 0           ;
;                                             ;             ;
; Maximum fan-out node                        ; LessThan0~5 ;
; Maximum fan-out                             ; 47          ;
; Total fan-out                               ; 520         ;
; Average fan-out                             ; 2.50        ;
+---------------------------------------------+-------------+


+------------------------------------------------------------------------------------------------------------------------------------------------------------------------------------------------------------------------------------+
; Analysis & Synthesis Resource Utilization by Entity                                                                                                                                                                                ;
+----------------------------+---------------------+---------------------------+-------------+------------+--------------+---------+-----------+------+--------------+------------+---------------------+-------------+--------------+
; Compilation Hierarchy Node ; Combinational ALUTs ; Dedicated Logic Registers ; Memory Bits ; UFM Blocks ; DSP Elements ; DSP 9x9 ; DSP 18x18 ; Pins ; Virtual Pins ; ADC blocks ; Full Hierarchy Name ; Entity Name ; Library Name ;
+----------------------------+---------------------+---------------------------+-------------+------------+--------------+---------+-----------+------+--------------+------------+---------------------+-------------+--------------+
; |ctrl                      ; 108 (108)           ; 44 (44)                   ; 0           ; 0          ; 0            ; 0       ; 0         ; 24   ; 0            ; 0          ; |ctrl               ; ctrl        ; work         ;
+----------------------------+---------------------+---------------------------+-------------+------------+--------------+---------+-----------+------+--------------+------------+---------------------+-------------+--------------+
Note: For table entries with two numbers listed, the numbers in parentheses indicate the number of resources of the given type used by the specific entity alone. The numbers listed outside of parentheses indicate the total resources of the given type used by the specific entity and all of its sub-entities in the hierarchy.


Encoding Type:  One-Hot
+----------------------------------------------------------------------------------+
; State Machine - |ctrl|tilstand                                                   ;
+----------------------+----------------------+------------------+-----------------+
; Name                 ; tilstand.checkstatus ; tilstand.waitkey ; tilstand.config ;
+----------------------+----------------------+------------------+-----------------+
; tilstand.config      ; 0                    ; 0                ; 0               ;
; tilstand.waitkey     ; 0                    ; 1                ; 1               ;
; tilstand.checkstatus ; 1                    ; 0                ; 1               ;
+----------------------+----------------------+------------------+-----------------+


+--------------------------------------------------------------------------------+
; Registers Removed During Synthesis                                             ;
+---------------------------------------+----------------------------------------+
; Register name                         ; Reason for Removal                     ;
+---------------------------------------+----------------------------------------+
; buss[7]~reg0                          ; Stuck at GND due to stuck port data_in ;
; buss[5]~reg0                          ; Stuck at GND due to stuck port data_in ;
; ADR[4]~reg0                           ; Stuck at GND due to stuck port data_in ;
; ADR[3]~reg0                           ; Stuck at GND due to stuck port data_in ;
; ADR[2]~reg0                           ; Stuck at GND due to stuck port data_in ;
; Total Number of Removed Registers = 5 ;                                        ;
+---------------------------------------+----------------------------------------+


+------------------------------------------------------+
; General Register Statistics                          ;
+----------------------------------------------+-------+
; Statistic                                    ; Value ;
+----------------------------------------------+-------+
; Total registers                              ; 44    ;
; Number of registers using Synchronous Clear  ; 0     ;
; Number of registers using Synchronous Load   ; 0     ;
; Number of registers using Asynchronous Clear ; 35    ;
; Number of registers using Asynchronous Load  ; 0     ;
; Number of registers using Clock Enable       ; 25    ;
; Number of registers using Preset             ; 0     ;
+----------------------------------------------+-------+


+--------------------------------------------------+
; Inverted Register Statistics                     ;
+----------------------------------------+---------+
; Inverted Register                      ; Fan out ;
+----------------------------------------+---------+
; key_prev_state                         ; 1       ;
; Total number of inverted registers = 1 ;         ;
+----------------------------------------+---------+


+-----------------------------------------------------+
; Post-Synthesis Netlist Statistics for Top Partition ;
+-----------------------+-----------------------------+
; Type                  ; Count                       ;
+-----------------------+-----------------------------+
; boundary_port         ; 24                          ;
; cycloneiii_ff         ; 44                          ;
;     CLR               ; 13                          ;
;     ENA               ; 3                           ;
;     ENA CLR           ; 22                          ;
;     plain             ; 6                           ;
; cycloneiii_io_obuf    ; 8                           ;
; cycloneiii_lcell_comb ; 109                         ;
;     arith             ; 20                          ;
;         2 data inputs ; 19                          ;
;         3 data inputs ; 1                           ;
;     normal            ; 89                          ;
;         0 data inputs ; 1                           ;
;         1 data inputs ; 3                           ;
;         2 data inputs ; 29                          ;
;         3 data inputs ; 4                           ;
;         4 data inputs ; 52                          ;
;                       ;                             ;
; Max LUT depth         ; 6.00                        ;
; Average LUT depth     ; 3.20                        ;
+-----------------------+-----------------------------+


+-------------------------------+
; Elapsed Time Per Partition    ;
+----------------+--------------+
; Partition Name ; Elapsed Time ;
+----------------+--------------+
; Top            ; 00:00:00     ;
+----------------+--------------+


+-------------------------------+
; Analysis & Synthesis Messages ;
+-------------------------------+
Info: *******************************************************************
Info: Running Quartus Prime Analysis & Synthesis
    Info: Version 21.1.1 Build 850 06/23/2022 SJ Lite Edition
    Info: Processing started: Thu Nov 16 19:34:12 2023
Info: Command: quartus_map --read_settings_files=on --write_settings_files=off ctrl -c ctrl
Warning (18236): Number of processors has not been specified which may cause overloading on shared machines.  Set the global assignment NUM_PARALLEL_PROCESSORS in your QSF to an appropriate value for best performance.
Info (20030): Parallel compilation is enabled and will use 2 of the 2 processors detected
Info (12021): Found 2 design units, including 1 entities, in source file ctrl.vhd
    Info (12022): Found design unit 1: ctrl-RTL File: C:/Users/armin/OneDrive/Dokumenter/GitHub/CTRL-MODULE-/CTRL/ctrl.vhd Line: 22
    Info (12023): Found entity 1: ctrl File: C:/Users/armin/OneDrive/Dokumenter/GitHub/CTRL-MODULE-/CTRL/ctrl.vhd Line: 5
Info (12127): Elaborating entity "ctrl" for the top level hierarchy
Warning (10492): VHDL Process Statement warning at ctrl.vhd(127): signal "counter" is read inside the Process Statement but isn't in the Process Statement's sensitivity list File: C:/Users/armin/OneDrive/Dokumenter/GitHub/CTRL-MODULE-/CTRL/ctrl.vhd Line: 127
Warning (10492): VHDL Process Statement warning at ctrl.vhd(128): signal "counter" is read inside the Process Statement but isn't in the Process Statement's sensitivity list File: C:/Users/armin/OneDrive/Dokumenter/GitHub/CTRL-MODULE-/CTRL/ctrl.vhd Line: 128
Warning (13004): Presettable and clearable registers converted to equivalent circuits with latches. Registers power-up to an undefined state, and DEVCLRn places the registers in an undefined state.
    Warning (13310): Register "counter[21]" is converted into an equivalent circuit using register "counter[21]~_emulated" and latch "counter[21]~1" File: C:/Users/armin/OneDrive/Dokumenter/GitHub/CTRL-MODULE-/CTRL/ctrl.vhd Line: 83
    Warning (13310): Register "counter[20]" is converted into an equivalent circuit using register "counter[20]~_emulated" and latch "counter[20]~6" File: C:/Users/armin/OneDrive/Dokumenter/GitHub/CTRL-MODULE-/CTRL/ctrl.vhd Line: 83
    Warning (13310): Register "counter[19]" is converted into an equivalent circuit using register "counter[19]~_emulated" and latch "counter[19]~11" File: C:/Users/armin/OneDrive/Dokumenter/GitHub/CTRL-MODULE-/CTRL/ctrl.vhd Line: 83
    Warning (13310): Register "counter[18]" is converted into an equivalent circuit using register "counter[18]~_emulated" and latch "counter[18]~16" File: C:/Users/armin/OneDrive/Dokumenter/GitHub/CTRL-MODULE-/CTRL/ctrl.vhd Line: 83
    Warning (13310): Register "counter[17]" is converted into an equivalent circuit using register "counter[17]~_emulated" and latch "counter[17]~21" File: C:/Users/armin/OneDrive/Dokumenter/GitHub/CTRL-MODULE-/CTRL/ctrl.vhd Line: 83
    Warning (13310): Register "counter[16]" is converted into an equivalent circuit using register "counter[16]~_emulated" and latch "counter[16]~26" File: C:/Users/armin/OneDrive/Dokumenter/GitHub/CTRL-MODULE-/CTRL/ctrl.vhd Line: 83
    Warning (13310): Register "counter[15]" is converted into an equivalent circuit using register "counter[15]~_emulated" and latch "counter[15]~31" File: C:/Users/armin/OneDrive/Dokumenter/GitHub/CTRL-MODULE-/CTRL/ctrl.vhd Line: 83
    Warning (13310): Register "counter[14]" is converted into an equivalent circuit using register "counter[14]~_emulated" and latch "counter[14]~36" File: C:/Users/armin/OneDrive/Dokumenter/GitHub/CTRL-MODULE-/CTRL/ctrl.vhd Line: 83
    Warning (13310): Register "counter[13]" is converted into an equivalent circuit using register "counter[13]~_emulated" and latch "counter[13]~41" File: C:/Users/armin/OneDrive/Dokumenter/GitHub/CTRL-MODULE-/CTRL/ctrl.vhd Line: 83
    Warning (13310): Register "counter[12]" is converted into an equivalent circuit using register "counter[12]~_emulated" and latch "counter[12]~46" File: C:/Users/armin/OneDrive/Dokumenter/GitHub/CTRL-MODULE-/CTRL/ctrl.vhd Line: 83
    Warning (13310): Register "counter[11]" is converted into an equivalent circuit using register "counter[11]~_emulated" and latch "counter[11]~51" File: C:/Users/armin/OneDrive/Dokumenter/GitHub/CTRL-MODULE-/CTRL/ctrl.vhd Line: 83
    Warning (13310): Register "counter[10]" is converted into an equivalent circuit using register "counter[10]~_emulated" and latch "counter[10]~56" File: C:/Users/armin/OneDrive/Dokumenter/GitHub/CTRL-MODULE-/CTRL/ctrl.vhd Line: 83
    Warning (13310): Register "counter[9]" is converted into an equivalent circuit using register "counter[9]~_emulated" and latch "counter[9]~61" File: C:/Users/armin/OneDrive/Dokumenter/GitHub/CTRL-MODULE-/CTRL/ctrl.vhd Line: 83
    Warning (13310): Register "counter[8]" is converted into an equivalent circuit using register "counter[8]~_emulated" and latch "counter[8]~66" File: C:/Users/armin/OneDrive/Dokumenter/GitHub/CTRL-MODULE-/CTRL/ctrl.vhd Line: 83
    Warning (13310): Register "counter[7]" is converted into an equivalent circuit using register "counter[7]~_emulated" and latch "counter[7]~71" File: C:/Users/armin/OneDrive/Dokumenter/GitHub/CTRL-MODULE-/CTRL/ctrl.vhd Line: 83
    Warning (13310): Register "counter[6]" is converted into an equivalent circuit using register "counter[6]~_emulated" and latch "counter[6]~76" File: C:/Users/armin/OneDrive/Dokumenter/GitHub/CTRL-MODULE-/CTRL/ctrl.vhd Line: 83
    Warning (13310): Register "counter[5]" is converted into an equivalent circuit using register "counter[5]~_emulated" and latch "counter[5]~81" File: C:/Users/armin/OneDrive/Dokumenter/GitHub/CTRL-MODULE-/CTRL/ctrl.vhd Line: 83
    Warning (13310): Register "counter[4]" is converted into an equivalent circuit using register "counter[4]~_emulated" and latch "counter[4]~86" File: C:/Users/armin/OneDrive/Dokumenter/GitHub/CTRL-MODULE-/CTRL/ctrl.vhd Line: 83
    Warning (13310): Register "counter[3]" is converted into an equivalent circuit using register "counter[3]~_emulated" and latch "counter[3]~91" File: C:/Users/armin/OneDrive/Dokumenter/GitHub/CTRL-MODULE-/CTRL/ctrl.vhd Line: 83
    Warning (13310): Register "counter[2]" is converted into an equivalent circuit using register "counter[2]~_emulated" and latch "counter[2]~96" File: C:/Users/armin/OneDrive/Dokumenter/GitHub/CTRL-MODULE-/CTRL/ctrl.vhd Line: 83
    Warning (13310): Register "counter[0]" is converted into an equivalent circuit using register "counter[0]~_emulated" and latch "counter[0]~101" File: C:/Users/armin/OneDrive/Dokumenter/GitHub/CTRL-MODULE-/CTRL/ctrl.vhd Line: 83
    Warning (13310): Register "counter[1]" is converted into an equivalent circuit using register "counter[1]~_emulated" and latch "counter[1]~106" File: C:/Users/armin/OneDrive/Dokumenter/GitHub/CTRL-MODULE-/CTRL/ctrl.vhd Line: 83
Warning (13024): Output pins are stuck at VCC or GND
    Warning (13410): Pin "ADR[2]" is stuck at GND File: C:/Users/armin/OneDrive/Dokumenter/GitHub/CTRL-MODULE-/CTRL/ctrl.vhd Line: 83
    Warning (13410): Pin "ADR[3]" is stuck at GND File: C:/Users/armin/OneDrive/Dokumenter/GitHub/CTRL-MODULE-/CTRL/ctrl.vhd Line: 83
    Warning (13410): Pin "ADR[4]" is stuck at GND File: C:/Users/armin/OneDrive/Dokumenter/GitHub/CTRL-MODULE-/CTRL/ctrl.vhd Line: 83
Info (286030): Timing-Driven Synthesis is running
Info (16010): Generating hard_block partition "hard_block:auto_generated_inst"
    Info (16011): Adding 0 node(s), including 0 DDIO, 0 PLL, 0 transceiver and 0 LCELL
Info (21057): Implemented 168 device resources after synthesis - the final resource count might be different
    Info (21058): Implemented 8 input pins
    Info (21059): Implemented 8 output pins
    Info (21060): Implemented 8 bidirectional pins
    Info (21061): Implemented 144 logic cells
Info: Quartus Prime Analysis & Synthesis was successful. 0 errors, 30 warnings
    Info: Peak virtual memory: 4807 megabytes
    Info: Processing ended: Thu Nov 16 19:34:28 2023
    Info: Elapsed time: 00:00:16
    Info: Total CPU time (on all processors): 00:00:24


